[   0.0000] Linux ersion 4.15.0-38-generic (buildd@lcy01-amd64-023) (gcc version 7.3.0 (Ubuntu 7.3.0-16ubuntu3)) #41-Ubuntu SMP Wed Oct 10 10:59:38 UTC 2018 (Ubuntu 4.1.038.4-gneri 4.15.18)
[   0.000000] Commandine:OOT_IMAE=bootvminuz-4.10-38enericoot=ABL=couimg-rotfs roconole=y1 conol=ttyS0[    0.0000] KERNEL supported cpus:
[    0.00000]   Itel GenuneInel
[   0.0000]  AMDAutheicAMD
[   .0000]  entau CntauHals
[   .000000] x86pu: Suprtin XAVE eaure 001: 'x87 floating point registers'
[    0.000000] x86/fpu: Supporting XSAVE feature 0x002: 'SSE registers'
[    0.000000] x86/fpu: Supporting XSAVE feature 00x004: 'AVX registers'
[    0.000000] x86/fpu: xstate_offset[2]:  576, xstate_sizes[2]:  256
[    0.000000] x86/fpu: Enabled xstate features 0x7, context size is 832 bytes, using 'standard' format.
[    0.000000] e820: BIOS-provided physical RAM map:
[    0.000000] BIOS-e820: [mem 0x0000000000000000-0x000000000009fbff] usable
[    0.000000] BIOS-e820: [mem 0x000000000009fc00-0x000000000009ffff] reserved
[    0.000000] BIOS-e820: [mem 0x00000000000f0000-0x00000000000fffff] reserved
[    0.000000] BIOS-e820: [mem 0x0000000000100000-0x000000007ffeffff] usable
    0.000000] BIOS-e820: [mem 0x000000007fff0000-0x000000007fffffff] ACPI data
[    0.000000] BIOS-e820: [mem 0x00000000fec00000-0x00000000fec00fff] reserved
[    0.000000] BIOS-e820: [mem 0x00000000fee00000-0x00000000fee00fff] reserved
[    0.000000] BIOS-e820: [mem 0x00000000fffc0000-0x00000000ffffffff]reserved
[    0.0000] NX (Execute Disable) protection: active
[    0.000000] SMBIOS 2.5 present.
[    0.000000] DMI: innotek GmbH VirtualBox/VirtualBox, BIOS VirtualBox 12/01/2006
[    0.000000] Hypervisor detected: KVM
[    0.000000] e820: last_pfn = 0x7fff0 max_arch_pfn = 0x400000000
[    0.000000] MTRR: Disabled
[    0.000000] x86/PAT: MTRRs disabled, skipping PAT initialization too.
[    0.000000] CPU MTRRs all blank - virtualized system.
[    0.000000] x86/PAT: Configuration[0-7]: WB  WT  UC- UC  WB  WT  UC- UC  
[    0.000000] found SMP MP-table at [mem 0x0009fff0-0x0009ffff] mapped at [        (ptrval)]
[    0.000000] Sannin 1areasor low memory corruption
[    0.000000] RAMDISK:[mem 0x35ae1000-0x36d67fff]
[    0.000000] ACPI: Early table checksum verification disabled
[    0.000000] ACPI: RSDP 0x00000000000E0000 000024 (v02 VBOX  )
[    0.000000] ACPI: XSDT 0x000000007FFF0030 00003C (v01 VBOX   VBOXXSDT 00000001 ASL  00000061)
[    0.000000] ACPI: FACP 0x000000007FFF00F0 000F4 v04 VBX   VBOXFACP 00000001 ASL  00000061)
[    0.000000] ACPI: DSDT 0x000000007FFF0470 0021FF (v02 VBOX   VBOXBIOS 00000002 INTL 20100528)
[    0.00000] ACPI: FACS 0x000000007F020000040
[    0.000000] ACPI: CS 00000007FF020 00040
[    0.000000] ACPI: APIC 0x000000007FFF0240 00005C (v02 VBOX   VBOXAPIC 00000001 ASL  00000061)
[    0.000000] ACPI: SSDT 0x000000007FFF02A0 0001CC (v01 VBOX   VBOXCPUT 00000002 INTL 20100528)
[    0.000000] No NUMA configuration found
[    0.000000] Faking a node at [mem 0x0000000000000000-0x000000007ffeffff]
[    0.000000] ODE_DATA(0) allocated [mem 0x7ffc5000-0x7ffeffff]
[    0.000000] kvm-clock: cpu 0, msr 0:7ff44001, primary cpu clock
[    0.000000] kvm-clock: Using msrs 4b564d01 and 4b564d00
[    0.000000] kvm-clock: using sched offset of 5559474164 cycles
[    0.000000] clocksource: kvm-clock: mask: 0xffffffffffffffff max_cycles 01cd4e4ffb, ax_idle_ns: 881590591483 ns
[    0.000000] Zone ranges:
[    0.0000]  DMA      [mem 0x0000000000001000-0x0000000000ffffff]
[    0.000000]   DMA32    [mem 0x000000001000000-0x000000007ffeffff]
[    0.000000]   Normal   empty
[    0.000000]   Device   empty
[    0.000000] Movable zone start for each node
[    0.000000] Early memory node ranges
[    0.000000]   node   0: [mem 0x0000000000001000-0x000000000009efff]
[    0.000000]   node   0: [mem 0x0000000000100000-0x000000007ffeffff]
[    0.000000] Initmem setup node 0 [mem 0x0000000000001000-0x000000007ffeffff]
[    0.000000] Reserved but unavailable: 98 pages
[    0.000000] ACPI: PM-Timer IO Port: 0x4008
[    0.000000] IOAPIC[0]: apic_id 2, version 32, address 0xfec00000, GSI 0-23
[    0.000000] ACPI: INT_SRC_OVR (bus 0 bus_irq 0 global_irq 2 dfl dfl)
[    0.000000] ACPI: INT_SRC_OVR (bus 0 bus_irq 9 global_irq 9 low level)
[    0.000000] Using ACPI (MADT) for SMP configuration information
[    0.000000] smpboot: Allowing 2 CPUs, 0 hotplug CPUs
[    0.000000] PM: Registered nosave memory: [mem 0x00000000-0x00000fff]
[    0.000000] PM: Registered nosave memory: [mem 0x0009f000-0x0009ffff]
[    0.000000] PM: Registered nosave memory: [mem 0x000a0000-0x000effff]
[    0.000000] PM: Registered nosave memory: [mem 0x000f0000-0x000fffff]
[    0.000000] e820: [mem 0x80000000-0xfebfffff] available for PCI devices
[    0.000000] Booting paravirtualized kernel on KVM
[    0.000000] clocksource: refined-jiffies: mask: 0xffffffff max_cycles: 0xffffffff, max_idle_ns: 7645519600211568 ns
[    0.000000] random: get_random_bytes called from start_kernel+0x99/0x4fd with crng_init=0
[    0.000000] setup_percpu: NR_CPUS:8192 nr_cpumask_bits:2 nr_cpu_ids:2 nr_node_ids:1
[    0.000000] percpu: Embedded 46 pages/cpu @        (ptrval) s151552 r8192 d28672 u1048576
[    0.000000] PV qspinlock hash table entries: 256 (order: 0, 4096 bytes)
[    0.000000] Built 1 zonelists, mobility grouping on.  Total pages: 515961
[    0.000000] Policy zone: DMA32
[    0.000000] Kernel command line: BOOT_IMAGE=/boot/vmlinuz-4.15.0-38-generic root=LABEL=cloudimg-rootfs ro console=tty1 console=ttyS0
[    0.000000] Memory: 2015804K/2096696K available (12300K kernel code, 2472K rwdata, 4248K rodata, 2408K init, 2416K bss, 80892K reserved, 0K cma-reserved)
[    0.000000] SLUB: HWalign=64, Order=0-3, MinObjects=0, CPUs=2, Nodes=1
[   0.000000] Kernel/User page tables isolation: enabled
[    0.000000] ftrace: allocating 39175 entries in 154 pages
[    0.004000] Hierarchical RCU implementation.
[    0.004000] 	RCU restricting CPUs from NR_CPUS=8192 to nr_cpu_ids=2.
[    0.004000] 	Tasks RCU enabled.
[    0.004000] RCU: Adjusting geometry for rcu_fanout_leaf=16, nr_cpu_ids=2
[    0.004000] NR_IRQS: 524544, nr_irqs: 440, preallocated irqs: 16
[    0.004000] Console: colour VGA+ 80x25
[    0.004000] console [tty1] enabled
[    0.004000] console [ttyS0] enabled
[    0.004000] ACPI: Core revision 20170831
[    0.004000] ACPI: 2 ACPI AML tables successfully acquired and loaded
[    0.004000] APIC: Switch to symmetric I/O mode setup
[    0.004000] x2apic enabled
[    0.004000] Switched APIC routing to physical x2apic.
[    0.004000] ..TIMER: vector=0x30 apic1=0 pin1=2 apic2=-1 pin2=-1
[    0.004000] tsc: Detected 2807.998 MHz processor
[    0.004006] Calibrating delayloop (skipped) preset value.. 5615.99 BogoMIPS (lpj=11231992)
[    0.008007] pid_max: default: 32768 minimum: 301
[    0.008693] Security Framework initialized
[    0.009256] Yama: becoming mindful.
[    0.009790] AppArmor: AppArmor initialized
[    0.012105] Dentry cache hash table entries: 262144 (order: 9, 2097152 bytes)
[    0.015731] Inode-cache hash table entries: 131072 (order: 8, 1048576 bytes)
[    0.016066] Mount-cache hash table entries: 4096 (order: 3, 32768 bytes)
[    0.017303] Mountpoint-cache hash table entries: 4096 (order: 3, 32768 bytes)
[    0.020268] mce: CPU supports 0 MCE banks
[    0.021065] Last level iTLB entries: 4KB 64, 2MB 8, 4MB 8
[    0.021942] Last level dTLB entries: 4KB 64, 2MB 0, 4MB 0, 1GB 4
[    0.024008] Spectre V2 : Mitigation: Full generic retpoline
[    0.028004] Spectre V2 : Spectre v2 / SpectreRSB mitigation: Filling RSB on context switch
[    0.029312] Speculative Store Bypass: Vulnerable
[    0.032084] Freeing SMP alternatives memory: 36K
[    0.036000] smpboot: CPU0: Intel(R) Core(TM) i7-7700HQ CPU @ 2.80GHz (family: 0x6, model: 0x9e, stepping: 0x9)
[    0.036000] Performance Events: unsupported p6 CPU model 158 no PMU driver, software events only.
[    0.036000] Hierarchical SRCU implemntation.
[    0.040984] NMI watchdog: Perf event create on CPU 0 failed with -2
[    0.044005] NMI watchdog: Perf NMI watchdog permanently disabled
[    0.048055] smp: Bringing up secondary CPUs ...
[    0.052176] x86: Booting SMP configuration:
[    0.056007] .... node  #0, CPUs:      #1
[    0.004000] kvm-clock: cpu 1, msr 0:7ff44041, secondary cpu clock
[    0.004000] mce: CPU supports 0 MCE banks
[    0.148007] smp: Brought up 1 node, 2 CPUs
[    0.152008] smpboot: Max logical packages: 1
[    0.156003] smpboot: Total of 2 processors activated (11231.99 BogoMIPS)
[    0.164003] devtmpfs: initialized
[    0.164621] x86/mm: Memory block size: 128MB
[    0.168201] evm: security.selinux
[    0.172003] evm: security.SMACK64
[    0.172488] evm: security.SMACK64EXEC
[    0.172959] evm: security.SMACK64TRANSMUTE
[    0.173516] evm: security.SMACK64MMAP
[    0.174035] evm: security.apparmor
[    0.176007] evm: security.ima
[    0.180005] evm: security.capability
[    0.184093] clocksource: jiffies: mask: 0xffffffff max_cycles: 0xffffffff, max_idle_ns: 7645041785100000 ns
[    0.185258] futex hash table entries: 512 (order: 3, 32768 bytes)
[    0.188068] pinctrl core: initialized pinctrl subsystem
[    0.189004] RTC time: 18:42:39, date: 10/26/18
[    0.192183] NET: Registered protocol family 16
[    0.192971] audit: initializing netlink subsys (disabled)
[    0.196033] audit: type=2000 audit(1540579360.886:1): state=initialized audit_enabled=0 res=1
[    0.197129] cpuidle: using governor ladder
[    0.197129] cpuidle: using governor menu
[    0.197198] ACPI: bus type PCI registered
[    0.197764] acpiphp: ACPI Hot Plug PCI Controller Driver version: 0.5
[    0.200086] PCI: Using configuration type 1 for base access
[    0.204054] HugeTLB registered 2.00 MiB page size, pre-allocated 0 pages
[    0.205090] ACPI: Added _OSI(Module Device)
[    0.205090] ACPI: Added _OSI(Processor Device)
[    0.208003] ACPI: Added _OSI(3.0 _SCP Extensions)
[    0.208649] ACPI: Added _OSI(Processor Aggregator Device)
[    0.209359] ACPI: Added _OSI(Linux-Dell-Video)
[    0.209947] ACPI: Added _OSI(Linux-Lenovo-NV-HDMI-Audio)
[    0.210896] ACPI: Executed 1 blocks of module-level executable AML code
[    0.214666] ACPI: Interpreter enabled
[    0.216018] ACPI: (supports S0 S5)
[    0.216681] ACPI: Using IOAPIC for interrupt routing
[    0.217902] PCI: Using host bridge windows from ACPI; if necessary, use "pci=nocrs" and report a bug
[    0.219646] ACPI: Enabled 2 GPEs in block 00 to 07
[    0.225872] ACPI: PCI Root Bridge [PCI0] (domain 0000 [bus 00-ff])
[    0.226688] acpi PNP0A03:00: _OSC: OS supports [ASPM ClockPM Segments MSI]
[    0.227728] acpi PNP0A03:00: _OSC: not requesting OS control; OS requires [ExtendedConfig ASPM ClockPM MSI]
[    0.228018] acpi PNP0A03:00: fail to add MMCONFIG information, can't access extended PCI configuration space under this bridge.
[    0.229686] PCI host bridge to bus 0000:00
[    0.230234] pci_bus 0000:00: root bus resource [io  0x0000-0x0cf7 window]
[    0.232003] pci_bus 0000:00: root bus resource [io  0x0d00-0xffff window]
[    0.233007] pci_bus 0000:00: root bus resource [mem 0x000a0000-0x000bffff window]
[    0.234022] pci_bus 0000:00: root bus resource [mem 0x80000000-0xfdffffff window]
[    0.234986] pci_bus 0000:00: root bus resource [bus 00-ff]
[    0.237607] pci 0000:00:01.1: legacy IDE quirk: reg 0x10: [io  0x01f0-0x01f7]
[    0.239232] pci 0000:00:01.1: legacy IDE quirk: reg 0x14: [io  0x03f6]
[    0.240000] pci 0000:00:01.1: legacy IDE quirk: reg 0x18: [io  0x0170-0x0177]
[    0.240002] pci 0000:00:01.1: legacy IDE quirk: reg 0x1c: [io  0x0376]
[    0.281025] pci 0000:00:07.0: quirk: [io  0x4000-0x403f] claimed by PIIX4 ACPI
[    0.284043] pci 0000:00:07.0: quirk: [io  0x4100-0x410f] claimed by PIIX4 SMB
[    0.306858] ACPI: PCI Interrupt Link [LNKA] (IRQs 5 9 10 *11)
[    0.308313] ACPI: PCI Interrupt Link [LNKB] (IRQs 5 9 *10 11)
[    0.309332] ACPI: PCI Interrupt Link [LNKC] (IRQs 5 *9 10 11)
[    0.310407] ACPI: PCI Interrupt Link [LNKD] (IRQs 5 9 10 *11)
[    0.312329] SCSI subsystem initialized
[    0.313112] pci 0000:00:02.0: vgaarb: setting as boot VGA device
[    0.314715] pci 0000:00:02.0: vgaarb: VGA device added: decodes=io+mem,owns=io+mem,locks=none
[    0.316019] pci 0000:00:02.0: vgaarb: bridge control possible
[    0.316974] vgaarb: loaded
[    0.317456] ACPI: bus type USB registered
[    0.318137] usbcore: registered new interface driver usbfs
[    0.320024] usbcore: registered new interface driver hub
[    0.320823] usbcore: registered new device driver usb
[    0.321582] EDAC MC: Ver: 3.0.0
[    0.321582] PCI: Using ACPI for IRQ routing
[    0.324275] NetLabel: Initializing
[    0.324995] NetLabel:  domain hash size = 128
[    0.328006] NetLabel:  protocols = UNLABELED CIPSOv4 CALIPSO
[    0.332060] NetLabel:  unlabeled traffic allowed by default
[    0.336070] clocksource: Switched to clocksource kvm-clock
[  0.3794] VS:Disk quotas dquot_6.6.0
[    0.50111] VFS: uotcache hash table entries: 512 (order 0, 4096 bytes)
[    0.677710] AppArmor: AppArmor Filesystem Enabled
[    0.678494] pnp: PnP ACPI init
[   .680406] pnp: PnP ACPI: found 3 devices

[  074872] cckurceacpi_pm: mask: 0xffffff max_cycles: 0xffffff, max_idle_ns: 2085701024 ns
[    1.052939] NET: Registered protocol family 2
[    1.053703] TCP established hash table entries: 16384 (order: 5, 131072 bytes)
[    1.054660] TCP bind hash table entries: 16384 (order: 6, 262144 bytes)
[    1.057813] TCP: Hash tables configured (established 16384 bind 16384)
[    1.058798] UDP hash tae entries: 1024 (order: 3, 32768 bytes)
[    1.111097] UDP-Lite hash table entries: 1024 (order: 3, 32768 bytes)
[    1.111964] NET: Registered protocol family 1
[    1.112591] pci 0000:00:00.0: Limiting direct PCI/PCI transfers
[    1.113377] pci 0000:00:01.0: Activating ISA DMA hang workarounds
[    1.114233] pci 0000:00:02.0: Video device with shadowed ROM at [mem 0x000c0000-0x000dffff]
[    1.115736] Unpacking initramfs...

[    1.528373] Freeing initrd memory: 18972K
[    1.628524] platform rtc_cmos: registered platform RTC device (no PNP device found)
[    1.710879] Scanning for low memory corruption every 60 seconds
[    1.753560] Initialise system trusted keyrings
[    1.824043] Key type blacklist registered
[    1.835180] workingset: timestamp_bits=36 max_order=19 bucket_order=0
[    1.860887] zbud: loaded
[    1.877793] squashfs: version 4.0 (2009/01/31) Phillip Lougher
[    1.879122] fuse init (API version 7.26)
[    1.886079] Key type asymmetric registered
[    1.886735] Asymmetric key parser 'x509' registered
[    1.887507] Block layer SCSI generic (bsg) driver version 0.4 loaded (major 246)
[    1.889073] io scheduler noop registered
[    1.909310] io scheduler deadline registered
[    1.942574] io scheduler cfq registered (default)
[    1.959312] ACPI: AC Adapter [AC] (on-line)
[    1.980110] input: Power Button as /devices/LNXSYSTM:00/LNXPWRBN:00/input/input0
[    2.013659] ACPI: Power Button [PWRF]
[    2.060297] input: Sleep Button as /devices/LNXSYSTM:00/LNXSLPBN:00/input/input1
[    2.132029] ACPI: Sleep Button [SLPF]
[    2.133428] ACPI: Battery Slot [BAT0] (battery present)
[    2.134257] Serial: 8250/16550 driver, 32 ports, IRQ sharing enabled
[    2.184108] 00:02 tyS0 at I/O 0x3f8 (irq = 4, base_baud = 115200) is a 16550A

[    2.25935]inuxgpart interface v0.103

[    2.417571] loop: module loaded
[    2.430824] scsi host0: ata_piix
[    2.433716] scsi host1: ata_piix
[    2.449992] ata1: PATA max UDMA/33 cmd 0x1f0 ctl 0x3f6 bmdma 0xd000 irq 14
[    2.490352] ata2: PATA max UDMA/33 cmd 0x170 ctl 0x376 bmdma 0xd008 irq 15
[    2.491298] libphy: Fixed MDIO Bus: probed
[    2.491899] tun: Universal TUN/TAP device driver, 1.6
[    2.492770] PPP generic driver version 2.4.2
[    2.498479] ehci_hcd: USB 2.0 'Enhanced' Host Controller (EHCI) Driver
[    2.512801] ehci-pci: EHCI PCI platform driver
[    2.520717] ehci-platform: EHCI generic platform driver
[    2.521421] ohci_hcd: USB 1.1 'Open' Host Controller (OHCI) Driver
[    2.522262] ohci-pci: OHCI PCI platform driver
[    2.529631] ohci-platform: OHCI generic platform driver
[    2.536435] uhci_hcd: USB Universal Host Controller Interface driver
[    2.537305] i8042: PNP: PS/2 Controller [PNP0303:PS2K,PNP0f03:PS2M] at 0x60,0x64 irq 1,12
[    2.539812] serio: i8042 KBD port at 0x60,0x64 irq 1
[    2.540635] serio: i8042 AUX port at 0x60,0x64 irq 12
[    2.541656] mousedev: PS/2 mouse device common for all mice
[    2.543106] input: AT Translated Set 2 keyboard as /devices/platform/i8042/serio0/input/input2
[    2.544069] rtc_cmos rtc_cmos: rtc core: registered rtc_cmos as rtc0
[    2.544132] rtc_cmos rtc_cmos: alarms up to one day, 114 bytes nvram
[    2.544139] i2c /dev entries driver
[    2.544145] pcie_mp2_amd: AMD(R) PCI-E MP2 Communication Driver Version: 1.0
[    2.544199] device-mapper: uevent: version 1.0.3
[    2.544254] device-mapper: ioctl: 4.37.0-ioctl (2017-09-20) initialised: dm-devel@redhat.com
[    2.550436] ledtrig-cpu: registered to indicate activity on CPUs
[    2.555674] NET: Registered protocol family 10
[    2.558885] Segment Routing with IPv6
[    2.566450] NET: Registered protocol family 17
[    2.606294] Key type dns_resolver registered
[    2.657753] RAS: Correctable Errors collector initialized.
[    2.660072] tsc: Refined TSC clocksource calibration: 2809.062 MHz
[    2.660083] clocksource: tsc: mask: 0xffffffffffffffff max_cycles: 0x287db172092, max_idle_ns: 440795296258 ns
[    2.789687] sched_clock: Marking stable (2789664598, 0)->(8374000074, -5584335476)
[    2.911094] registered taskstats version 1
[    2.916119] Loading compiled-in X.509 certificates
[    2.928375] Loaded X.509 cert 'Build time autogenerated kernel key: f3a9ae7fdf18cf897e7c53db8499a9c1252f0be9'
[    2.932145] zswap: loaded using pool lzo/zbud
[    2.942097] Key type big_key registered
[    2.942692] Key type trusted registered
[    2.944825] Key type encrypted registered
[    2.945412] AppArmor: AppArmor sha1 policy hashing enabled
[    2.946342] ima: No TPM chip found, activating TPM-bypass! (rc=-19)
[    2.947950] ima: Allocated hash algorithm: sha1
[    2.948918] evm: HMAC attrs: 0x1
[    2.949868]   Magic number: 6:573:747
[    2.961876] rtc_cmos rtc_cmos: setting system clock to 2018-10-26 18:42:42 UTC (1540579362)
[    2.963884] BIOS EDD facility v0.16 2004-Jun-25, 0 devices found
[    2.979688] EDD information not available.
[    2.984753] Freeing unused kernel memory: 2408K
[    3.008071] Write protecting the kernel read-only data: 20480k
[    3.052865] Freeing unused kernel memory: 2008K
[    3.085543] Freeing unused kernel memory: 1896K
[    3.161392] x86/mm: Checked W+X mappings: passed, no W+X pages found.
[    3.162353] x86/mm: Checking user space page tables
[    3.172538] x86/mm: Checked W+X mappings: passed, no W+X pages found.
Loading, please wait...
starting version 237
[    3.279212] e1000: Intel(R) PRO/1000 Network Driver - version 7.3.21-k8-NAPI
[    3.298122] e1000: Copyright (c) 1999-2006 Intel Corporation.
[    3.308477] Fusion MPT base driver 3.04.20
[    3.338615] Copyright (c) 1999-2008 LSI Corporation
[    3.362965] Fusion MPT SPI Host driver 3.04.20
[    3.385607] AVX2 version of gcm_enc/dec engaged.
[    3.431218] AES CTR mode by8 optimization enabled
[    3.514745] input: ImExPS/2 Generic Explorer Mouse as /devices/platform/i8042/serio1/input/input4
[    3.804598] e1000 0000:00:03.0 eth0: (PCI:33MHz:32-bit) 02:cf:c7:e0:d6:93
[    3.886255] e1000 0000:00:03.0 eth0: Intel(R) PRO/1000 Network Connection
[    3.891524] mptbase: ioc0: Initiating bringup
[    3.900447] e1000 0000:00:03.0 enp0s3: renamed from eth0
[    4.008406] ioc0: LSI53C1030 A0: Capabilities={Initiator}
[    4.295845] scsi host2: ioc0: LSI53C1030 A0, FwRev=00000000h, Ports=1, MaxQ=256, IRQ=20
[    4.628554] scsi 2:0:0:0: Direct-Access     VBOX     HARDDISK         1.0  PQ: 0 ANSI: 5
[    4.712734] scsi target2:0:0: Beginning Domain Validation
[    4.778170] scsi target2:0:0: Domain Validation skipping write tests
[    4.779754] scsi target2:0:0: Ending Domain Validation
[    4.780830] scsi target2:0:0: asynchronous
[    4.882967] scsi 2:0:1:0: Direct-Access     VBOX     HARDDISK         1.0  PQ: 0 ANSI: 5
[    4.984228] scsi target2:0:1: Beginning Domain Validation
[    4.993789] random: fast init done
[    5.298269] scsi target2:0:1: Domain Validation skipping write tests
[    5.299507] scsi target2:0:1: Ending Domain Validation
[    5.300517] scsi target2:0:1: asynchronous
[    5.304654] random: systemd-udevd: uninitialized urandom read (16 bytes read)
[    5.305756] sd 2:0:0:0: Attached scsi generic sg0 type 0
[    5.305930] sd 2:0:0:0: [sda] 20971520 512-byte logical blocks: (10.7 GB/10.0 GiB)
[    5.305980] sd 2:0:0:0: [sda] Write Protect is off
[    5.306056] sd 2:0:0:0: [sda] Incomplete mode parameter data
[    5.306057] sd 2:0:0:0: [sda] Assuming drive cache: write through
[    5.306075] random: systemd-udevd: uninitialized urandom read (16 bytes read)
[    5.306115] random: systemd-udevd: uninitialized urandom read (16 bytes read)
[    5.306915]  sda: sda1
[    5.307444] sd 2:0:0:0: [sda] Attached SCSI disk
[    5.316699] sd 2:0:1:0: Attached scsi generic sg1 type 0
[    5.316929] sd 2:0:1:0: [sdb] 20480 512-byte logical blocks: (10.5 MB/10.0 MiB)
[    5.316982] sd 2:0:1:0: [sdb] Write Protect is off
[    5.317084] sd 2:0:1:0: [sdb] Incomplete mode parameter data
[    5.317085] sd 2:0:1:0: [sdb] Assuming drive cache: write through
[    5.320311] sd 2:0:1:0: [sdb] Attached SCSI disk
Begin: Loading essential drivers ... [    6.932283] raid6: sse2x1   gen() 10208 MB/s
[    7.040101] raid6: sse2x1   xor()  7552 MB/s
[    7.144012] raid6: sse2x2   gen() 12766 MB/s
[    7.276247] raid6: sse2x2   xor()  8273 MB/s
[    7.392048] raid6: sse2x4   gen()  4380 MB/s
[    7.520016] raid6: sse2x4   xor()  6521 MB/s
[    7.596239] raid6: avx2x1   gen() 10348 MB/s
[    7.648016] raid6: avx2x1   xor() 14703 MB/s
[    7.712082] raid6: avx2x2   gen() 19408 MB/s
[    7.780263] raid6: avx2x2   xor() 11777 MB/s
[    7.844410] raid6: avx2x4   gen() 19508 MB/s
[    7.892072] raid6: avx2x4   xor() 10126 MB/s
[    7.900652] raid6: using algorithm avx2x4 gen() 19508 MB/s
[    7.904459] raid6: .... xor() 10126 MB/s, rmw enabled
[    7.908812] raid6: using avx2x2 recovery algorithm
[    7.911564] xor: automatically using best checksumming function   avx       
[    7.914376] async_tx: api initialized (async)
done.
Begin: Running /scripts/init-premount ... done.
Begin: Mounting root file system ... Begin: Running /scripts/local-top ... done.
Begin: Running /scripts/local-premount ... [    7.974096] Btrfs loaded, crc32c=crc32c-intel
Scanning for Btrfs filesystems
done.
Warning: fsck no[    8.045162] EXT4-fs (sda1): INFO: recovery required on readonly filesystem
t present, so sk[    8.132471] EXT4-fs (sda1): write access will be enabled during recovery
ipping root file system
[    8.266022] EXT4-fs (sda1): recovery complete
[    8.290210] EXT4-fs (sda1): mounted filesystem with ordered data mode. Opts: (null)
done.
Begin: Running /scripts/local-bottom ... done.
Begin: Running /scripts/init-bottom ... done.
[    9.773047] random: crng init done
[    9.837766] random: 7 urandom warning(s) missed due to ratelimiting
[    9.869570] ip_tables: (C) 2000-2006 Netfilter Core Team
[    9.987278] systemd[1]: systemd 237 running in system mode. (+PAM +AUDIT +SELINUX +IMA +APPARMOR +SMACK +SYSVINIT +UTMP +LIBCRYPTSETUP +GCRYPT +GNUTLS +ACL +XZ +LZ4 +SECCOMP +BLKID +ELFUTILS +KMOD -IDN2 +IDN -PCRE2 default-hierarchy=hybrid)
[   10.072562] systemd[1]: Detected virtualization oracle.
[   10.083357] systemd[1]: Detected architecture x86-64.

Welcome to [1mUbuntu 18.04.1 LTS[0m!

[   10.205815] systemd[1]: Set hostname to <rails-dev-box>.
[   11.735297] systemd[1]: Started Forward Password Requests to Wall Directory Watch.
[[0;32m  OK  [0m] Started Forward Password Requests to Wall Directory Watch.
[   11.950129] systemd[1]: Created slice User and Session Slice.
[[0;32m  OK  [0m] Created slice User and Session Slice.
[   12.026127] systemd[1]: Reached target System Time Synchronized.
[[0;32m  OK  [0m] Reached target System Time Synchronized.
[   12.028804] systemd[1]: Set up automount Arbitrary Executable File Formats File System Automount Point.
[[0;32m  OK  [0m] Set up automount Arbitrary Executab…rmats File System Automount Point.
[   12.031874] systemd[1]: Reached target User and Group Name Lookups.
[[0;32m  OK  [0m] Reached target User and Group Name Lookups.
[   12.124564] systemd[1]: Created slice System Slice.
[[0;32m  OK  [0m] Created slice System Slice.
[[0;32m  OK  [0m] Listening on Device-mapper event daemon FIFOs.
[[0;32m  OK  [0m] Listening on Syslog Socket.
[[0;32m  OK  [0m] Listening on LVM2 poll daemon socket.
[[0;32m  OK  [0m] Reached target Slices.
[[0;32m  OK  [0m] Created slice system-serial\x2dgetty.slice.
[[0;32m  OK  [0m] Listening on Journal Socket (/dev/log).
[[0;32m  OK  [0m] Listening on udev Control Socket.
[[0;32m  OK  [0m] Listening on /dev/initctl Compatibility Named Pipe.
[[0;32m  OK  [0m] Created slice system-postgresql.slice.
[[0;32m  OK  [0m] Listening on Network Service Netlink Socket.
[[0;32m  OK  [0m] Listening on LVM2 metadata daemon socket.
[[0;32m  OK  [0m] Listening on Journal Audit Socket.
[[0;32m  OK  [0m] Listening on udev Kernel Socket.
[[0;32m  OK  [0m] Listening on Journal Socket.
         Mounting Kernel Debug File System...
         Starting Monitoring of LVM2 mirrors…ng dmeventd or progress polling...
         Starting Uncomplicated firewall...
         Starting udev Coldplug all Devices...
         Starting Load Kernel Modules...
         Mounting POSIX Message Queue File System...
         Mounting Huge Pa[   12.960089] Loading iSCSI transport class v2.0-870.
ges File System...
         [   13.082210] iscsi: registered transport (tcp)
Starting Set the console keyboard layout...
         Starting Journal Service...
[   13.280644] iscsi: registered transport (iser)
         Starting Create list of required st…ce nodes for the current kernel...
         Starting Remount Root and Kernel File Systems...
[[0;32m  OK  [0m] Mounted Kernel Debug File System.
[[0;32m  OK  [0m] Started Uncomplicated firewall.
[[0;32m  OK  [0m] Started Load Kernel Modules.
[[0;32m  OK  [0m] Started Journal Service.
[   14.356515] EXT4-fs (sda1): re-mounted. Opts: (null)
[[0;32m  OK  [0m] Mounted POSIX Message Queue File System.
[[0;32m  OK  [0m] Mounted Huge Pages File System.
[[0;32m  OK  [0m] Started Create list of required sta…vice nodes for the current kernel.
[[0;32m  OK  [0m] Started Set the console keyboard layout.
[[0;32m  OK  [0m] Started Remount Root and Kernel File Systems.
[[0;32m  OK  [0m] Started udev Coldplug all Devices.
[[0;32m  OK  [0m] Started LVM2 metadata daemon.
         Activating swap /swapfile...
         Starting Initial cloud-init job (pre-networking)...
         Starting Load/Save Random Seed...
         Starting Create Static Device Nodes in [   16.402469] Adding 2097148k swap on /swapfile.  Priority:-2 extents:5 across:2301948k FS
/dev...
         Starting Flush Journal to Persistent Storage...
         Mounting FUSE Control File System...
         Mounting Kernel Configuration File System...
         Starting Apply Kernel Variables...
[[0;32m  OK  [0m] Activated swap /swapfile.
[[0;32m  OK  [0m] Started Monitoring of LVM2 mirrors,…sing dmeventd or progress polling.
[[0;32m  OK  [0m] Mounted FUSE Control File System.
[[0;32m  OK  [0m] Mounted Kernel Configuration File System.
[[0;32m  OK  [0m] Reached target Swap.
[   16.787300] systemd-journald[403]: Received request to flush runtime journal from PID 1
[[0;32m  OK  [0m] Started Load/Save Random Seed.
[[0;32m  OK  [0m] Started Create Static Device Nodes in /dev.
         Starting udev Kernel Device Manager...
[[0;32m  OK  [0m] Reached target Local File Systems (Pre).
[[0;32m  OK  [0m] Reached target Local File Systems.
         Starting Set console font and keymap...
         Starting Tell Plymouth To Write Out Runtime Data...
         Starting ebtables ruleset management...
         Starting AppArmor initialization...
[[0;32m  OK  [0m] Started Apply Kernel Variables.
[[0;32m  OK  [0m] Started Set console font and keymap.
[[0;32m  OK  [0m] Started Tell Plymouth To Write Out Runtime Data.
[[0;32m  OK  [0m] Started udev Kernel Device Manager.
[[0;32m  OK  [0m] Started Dispatch Password Requests to Console Directory Watch.
[[0;32m  OK  [0m] Reached target Local Encrypted Volumes.
[[0;32m  OK  [0m] Started Flush Journal to Persistent Storage.
         Starting Create Volatile Files and Directories...
[[0;32m  OK  [0m] Found device /dev/ttyS0.
[[0;32m  OK  [0m] Started ebtables ruleset management.
[[0;32m  OK  [0m] Started Create Volatile Files and Directories.
         Starting Update UTMP about System Boot/Shutdown...
[[0;32m  OK  [0m] Listening on Load/Save RF Kill Switch Status /dev/rfkill Watch.
[[0;32m  OK  [0m] Started Update UTMP about System Boot/Shutdown.
[[0;32m  OK  [0m] Started AppArmor initialization.
[   25.343912] cloud-init[416]: Cloud-init v. 18.3-9-g2e62cb8a-0ubuntu1~18.04.2 running 'init-local' at Fri, 26 Oct 2018 18:43:03 +0000. Up 24.38 seconds.
[[0;32m  OK  [0m] Started Initial cloud-init job (pre-networking).
[[0;32m  OK  [0m] Reached target Network (Pre).
         Starting Network Service...
[[0;32m  OK  [0m] Started Network Service.
         Starting Wait for Network to be Configured...
         Starting Network Name Resolution...
[[0;32m  OK  [0m] Started Network Name Resolution.
[[0;32m  OK  [0m] Reached target Host and Network Name Lookups.
[[0;32m  OK  [0m] Reached target Network.
[[0;32m  OK  [0m] Started Wait for Network to be Configured.
         Starting Initial cloud-init job (metadata service crawler)...
[   29.212635] cloud-init[673]: Cloud-init v. 18.3-9-g2e62cb8a-0ubuntu1~18.04.2 running 'init' at Fri, 26 Oct 2018 18:43:07 +0000. Up 27.88 seconds.
[   29.230650] cloud-init[673]: ci-info: ++++++++++++++++++++++++++++++++++++++Net device info++++++++++++++++++++++++++++++++++++++
[   29.254643] cloud-init[673]: ci-info: +--------+------+----------------------------+---------------+--------+-------------------+
[   29.270176] cloud-init[673]: ci-info: | Device |  Up  |          Address           |      Mask     | Scope  |     Hw-Address    |
[[0;32m  OK  [0m] Started Initial cloud-init job (metadata service crawler).
[   29.290093] [[0;32m  OK  [0m] Reached target Network is Online.
cloud-init[673]: ci-info: +--------+------+----------------------------+---------------+--------+-------------------+
[[0;32m  OK  [0m] Reached target Remote File Systems (Pre).
[   29.329514] [[0;32m  OK  [0m] Reached target Remote File Systems.
cloud-init[673]: ci-info: | enp0s3 | True |         10.0.2.15          | 255.255.255.0 | global | 02:cf:c7:e0:d6:93 |
         Starting Availability of block devices...
[   29.413639] [[0;32m  OK  [0m] Reached target Cloud-config availability.
[[0;32m  OK  [0m] Reached target System Initialization.
cloud-init[673]: ci-info: | enp0s3 | True | fe80::cf:c7ff:fee0:d693/64 |       .       |  link  | 02:cf:c7:e0:d6:93 |
         Starting LXD - unix socket.
[   29.458375] [[0;32m  OK  [0m] Started Daily Cleanup of Temporary Directories.
[[0;32m  OK  [0m] Listening on ACPID Listen Socket.
[[0;32m  OK  [0m] Listening on UUID daemon activation socket.
cloud-init[673]: ci-info: |   lo   | True |         127.0.0.1          |   255.0.0.0   |  host  |         .         |
[[0;32m  OK  [0m] Started ACPI Events Check.
[   29.561393] [cloud-init[0;32m  OK  [0m[673]: ] ci-info: |   lo   | True |          ::1/128           |       .       |  host  |         .         |Reached target Paths.

[   29.571659] cloud-init[673]: ci-info: +--------+------+----------------------------+---------------+--------+-------------------+
[   29.748445]          cloud-initStarting Socket activation for snappy daemon.[673]: 
ci-info: ++++++++++++++++++++++++++++Route IPv4 info+++++++++++++++++++++++++++++
[[0;32m  OK  [0m] Started Daily apt download activities.
[   29.828993] [[0;32m  OK  [0m] Listening on Open-iSCSI iscsid Socket.
[[0;32m  OK  [0m] Listening on D-Bus System Message Bus Socket.
[[0;32m  OK  [0m] Started Discard unused blocks once a week.
[[0;32m  OK  [0m] Started Message of the Day.
[[0;32m  OK  [0m] Started Daily apt upgrade and clean activities.
[[0;32m  OK  [0m] Reached target Timers.
cloud-init[673]: ci-info: +-------+-------------+----------+-----------------+-----------+-------+
[[0;32m  OK  [0m] Started Availability of block devices.
[   29.891138] [[0;32m  OK  [0m] Listening on LXD - unix socket.
[[0;32m  OK  [0m] Listening on Socket activation for snappy daemon.
[[0;32m  OK  [0m] Reached target Sockets.
[[0;32m  OK  [0m] Reached target Basic System.
cloud-init[673]: ci-info: | Route | Destination | Gateway  |     Genmask     | Interface | Flags |
[   29.964294] cloud-init[673]: ci-info: +-------+-------------+----------+-----------------+-----------+-------+
[[0;32m  OK  [0m] Started Regular background program processing daemon.
[   30.056918] cloud-init[673]: ci-info: |   0   |   0.0.0.0   | 10.0.2.2 |     0.0.0.0     |   enp0s3  |   UG  |         
Starting LSB: Record successful boot for GRUB...
[   30.087068] cloud-init[673]: ci-info: |   1   |   10.0.2.0  | 0.0.0.0  |  255.255.255.0  |   enp0s3  |   U   |
[[0;32m  OK  [0m] Started irqbalance daemon.
[   30.103318] [cloud-init[0;32m  OK  [0m[673]: ci-info: |   2   |   10.0.2.2  | 0.0.0.0  | 255.255.255.255 |   enp0s3  |   UH  |] 
Started Unattended Upgrades Shutdown.
         Starting Login Service...
[   30.137105] cloud-init[673]: ci-info: +-------+-------------+----------+-----------------+-----------+-------+         Starting Permit User Sessions...
         Starting LSB: automatic crash report generation...

[[0;32m  OK  [0m] Started FUSE filesystem for LXC.
[   30.181613] cloud-init[673]: ci-info: +++++++++++++++++++Route IPv6 info+++++++++++++++++++
         Starting PostgreSQL Cluster 10-main...
[   30.230680]          Starting System Logging Service...
cloud-init[673]: ci-info: +-------+-------------+---------+-----------+-------+
[   30.268825] cloud-init[673]: ci-info: | Route | Destination | Gateway | Interface | Flags |
[   30.288927] cloud-init[673]: ci-info: +-------+-------------+---------+-----------+-------+
[   30.294428] cloud-init[673]: ci-info: |   1   |  fe80::/64  |    ::   |   enp0s3  |   U   |
         Starting Dispatcher daemon for systemd-networkd...
[   30.462768] cloud-init[673]: ci-info: |   3   |    local    |    ::   |   enp0s3  |   U   |
[   30.524570] cloud-init[673]: ci-info: |   4   |   ff00::/8  |    ::   |   enp0s3  |   U   |
[   30.546100] cloud-init[673]: ci-info: +-------+-------------+---------+-----------+-------+
         Starting RabbitMQ Messaging Server...
         Starting Snappy daemon...
         Starting Resets System Activity Data Collector...
[[0;32m  OK  [0m] Started D-Bus System Message Bus.
[[0;32m  OK  [0m] Started Login Service.
         Starting Virtualbox guest utils...
[[0;32m  OK  [0m] Started memcached daemon.
         Starting Advanced key-value store...
         Starting MySQL Community Server...
         Starting OpenBSD Secure Shell server...
[[0;32m  OK  [0m] Started Deferred execution scheduler.
         Starting Accounts Service...
         Starting LXD - container startup/shutdown...
[[0;32m  OK  [0m] Started System Logging Service.
[[0;32m  OK  [0m] Started Permit User Sessions.
[[0;32m  OK  [0m] Started Resets System Activity Data Collector.
         Starting Hold until boot process finishes up...
         Starting Terminate Plymouth Boot Screen...
[[0;32m  OK  [0m] Started Hold until boot process finishes up.
[[0;32m  OK  [0m] Started Terminate Plymouth Boot Screen.
         Starting Set console scheme...
[[0;32m  OK  [0m] Started Serial Getty on ttyS0.
[[0;32m  OK  [0m] Started Set console scheme.
[[0;32m  OK  [0m] Created slice system-getty.slice.
[[0;32m  OK  [0m] Started Getty on tty1.
[[0;32m  OK  [0m] Reached target Login Prompts.
[[0;32m  OK  [0m] Started LSB: automatic crash report generation.
[[0;32m  OK  [0m] Started Advanced key-value store.
[[0;32m  OK  [0m] Started Dispatcher daemon for systemd-networkd.
[[0;32m  OK  [0m] Started LSB: Record successful boot for GRUB.
         Starting Authorization Manager...
[[0;32m  OK  [0m] Started Virtualbox guest utils.

Ubuntu 18.04.1 LTS rails-dev-box ttyS0

rails-dev-box login: [   45.384885] cloud-init[1589]: Cloud-init v. 18.3-9-g2e62cb8a-0ubuntu1~18.04.2 running 'modules:config' at Fri, 26 Oct 2018 18:43:24 +0000. Up 44.82 seconds.
[   73.132015] cloud-init[2383]: Cloud-init v. 18.3-9-g2e62cb8a-0ubuntu1~18.04.2 running 'modules:final' at Fri, 26 Oct 2018 18:43:51 +0000. Up 72.03 seconds.
[   73.132425] cloud-init[2383]: Cloud-init v. 18.3-9-g2e62cb8a-0ubuntu1~18.04.2 finished at Fri, 26 Oct 2018 18:43:52 +0000. Datasource DataSourceNoCloud [seed=/dev/sdb][dsmode=net].  Up 73.12 seconds
         Stopping LSB: automatic crash report generation...
[[0;32m  OK  [0m] Stopped irqbalance daemon.
[[0;32m  OK  [0m] Stopped System Logging Service.
[[0;32m  OK  [0m] Stopped Dispatcher daemon for systemd-networkd.
[[0;32m  OK  [0m] Stopped Snappy daemon.
[[0;32m  OK  [0m] Stopped memcached daemon.
[[0;32m  OK  [0m] Stopped Deferred execution scheduler.
[[0;32m  OK  [0m] Stopped Accounts Service.
[[0;32m  OK  [0m] Stopped Serial Getty on ttyS0.
[[0;32m  OK  [0m] Stopped Getty on tty1.
[[0;32m  OK  [0m] Stopped Authorization Manager.
[[0;32m  OK  [0m] Stopped OpenBSD Secure Shell server.
[[0;32m  OK  [0m] Stopped User Manager for UID 1000.
[[0;32m  OK  [0m] Stopped D-Bus System Message Bus.
[[0;32m  OK  [0m] Stopped Unattended Upgrades Shutdown.
[[0;32m  OK  [0m] Stopped Availability of block devices.
[[0;32m  OK  [0m] Stopped Advanced key-value store.
[[0;32m  OK  [0m] Stopped PostgreSQL Cluster 10-main.
[[0;32m  OK  [0m] Stopped FUSE filesystem for LXC.
[[0;32m  OK  [0m] Stopped Session 28 of user vagrant.
[[0;32m  OK  [0m] Removed slice system-postgresql.slice.
[[0;32m  OK  [0m] Removed slice User Slice of vagrant.
         Stopping Login Service...
[[0;32m  OK  [0m] Removed slice system-getty.slice.
         Stopping Permit User Sessions...
[[0;32m  OK  [0m] Removed slice system-serial\x2dgetty.slice.
[[0;32m  OK  [0m] Stopped Login Service.
[[0;32m  OK  [0m] Stopped Virtualbox guest utils.
[[0;32m  OK  [0m] Stopped LXD - container startup/shutdown.
[[0;32m  OK  [0m] Stopped LSB: Record successful boot for GRUB.
[[0;32m  OK  [0m] Stopped LSB: automatic crash report generation.
[[0;32m  OK  [0m] Stopped Permit User Sessions.
[[0;32m  OK  [0m] Stopped target Remote File Systems.
[[0;32m  OK  [0m] Stopped target Remote File Systems (Pre).
[[0;32m  OK  [0m] Stopped target User and Group Name Lookups.
[[0;32m  OK  [0m] Stopped MySQL Community Server.
[  [0;31m*[0;1;31m*[0m[0;31m* [0m] A stop job is running for RabbitMQ Messaging Server (7s / 1min 30s)[K[ [0;31m*[0;1;31m*[0m[0;31m*  [0m] A stop job is running for RabbitMQ Messaging Server (7s / 1min 30s)[K[[0;31m*[0;1;31m*[0m[0;31m*   [0m] A stop job is running for RabbitMQ Messaging Server (8s / 1min 30s)[K[[0;1;31m*[0m[0;31m*    [0m] A stop job is running for RabbitMQ Messaging Server (8s / 1min 30s)[K[[0m[0;31m*     [0m] A stop job is running for RabbitMQ Messaging Server (9s / 1min 30s)[K[[0;1;31m*[0m[0;31m*    [0m] A stop job is running for RabbitMQ Messaging Server (9s / 1min 30s)[K[[0;31m*[0;1;31m*[0m[0;31m*   [0m] A stop job is running for RabbitMQ Messaging Server (10s / 1min 30s)[K[ [0;31m*[0;1;31m*[0m[0;31m*  [0m] A stop job is running for RabbitMQ Messaging Server (10s / 1min 30s)[K[  [0;31m*[0;1;31m*[0m[0;31m* [0m] A stop job is running for RabbitMQ Messaging Server (11s / 1min 30s)[K[   [0;31m*[0;1;31m*[0m[0;31m*[0m] A stop job is running for RabbitMQ Messaging Server (11s / 1min 30s)[K[    [0;31m*[0;1;31m*[0m] A stop job is running for RabbitMQ Messaging Server (12s / 1min 30s)[K[     [0;31m*[0m] A stop job is running for RabbitMQ Messaging Server (12s / 1min 30s)[K[    [0;31m*[0;1;31m*[0m] A stop job is running for RabbitMQ Messaging Server (13s / 1min 30s)[K[   [0;31m*[0;1;31m*[0m[0;31m*[0m] A stop job is running for RabbitMQ Messaging Server (13s / 1min 30s)[K[  [0;31m*[0;1;31m*[0m[0;31m* [0m] A stop job is running for RabbitMQ Messaging Server (14s / 1min 30s)[K[ [0;31m*[0;1;31m*[0m[0;31m*  [0m] A stop job is running for RabbitMQ Messaging Server (14s / 1min 30s)[K[[0;31m*[0;1;31m*[0m[0;31m*   [0m] A stop job is running for RabbitMQ Messaging Server (15s / 1min 30s)[K[[0;1;31m*[0m[0;31m*    [0m] A stop job is running for RabbitMQ Messaging Server (15s / 1min 30s)[K[[0m[0;31m*     [0m] A stop job is running for RabbitMQ Messaging Server (16s / 1min 30s)[K[[0;1;31m*[0m[0;31m*    [0m] A stop job is running for RabbitMQ Messaging Server (16s / 1min 30s)[K[[0;31m*[0;1;31m*[0m[0;31m*   [0m] A stop job is running for RabbitMQ Messaging Server (17s / 1min 30s)[K[ [0;31m*[0;1;31m*[0m[0;31m*  [0m] A stop job is running for RabbitMQ Messaging Server (17s / 1min 30s)[K[  [0;31m*[0;1;31m*[0m[0;31m* [0m] A stop job is running for RabbitMQ Messaging Server (18s / 1min 30s)[K[   [0;31m*[0;1;31m*[0m[0;31m*[0m] A stop job is running for RabbitMQ Messaging Server (18s / 1min 30s)[K[    [0;31m*[0;1;31m*[0m] A stop job is running for RabbitMQ Messaging Server (19s / 1min 30s)[K[     [0;31m*[0m] A stop job is running for RabbitMQ Messaging Server (19s / 1min 30s)[K[    [0;31m*[0;1;31m*[0m] A stop job is running for RabbitMQ Messaging Server (20s / 1min 30s)[K[   [0;31m*[0;1;31m*[0m[0;31m*[0m] A stop job is running for RabbitMQ Messaging Server (20s / 1min 30s)[K[  [0;31m*[0;1;31m*[0m[0;31m* [0m] A stop job is running for RabbitMQ Messaging Server (21s / 1min 30s)[K[ [0;31m*[0;1;31m*[0m[0;31m*  [0m] A stop job is running for RabbitMQ Messaging Server (21s / 1min 30s)[K[[0;31m*[0;1;31m*[0m[0;31m*   [0m] A stop job is running for RabbitMQ Messaging Server (22s / 1min 30s)[K[[0;1;31m*[0m[0;31m*    [0m] A stop job is running for RabbitMQ Messaging Server (22s / 1min 30s)[K[[0m[0;31m*     [0m] A stop job is running for RabbitMQ Messaging Server (23s / 1min 30s)[K[[0;1;31m*[0m[0;31m*    [0m] A stop job is running for RabbitMQ Messaging Server (23s / 1min 30s)[K[[0;31m*[0;1;31m*[0m[0;31m*   [0m] A stop job is running for RabbitMQ Messaging Server (24s / 1min 30s)[K[ [0;31m*[0;1;31m*[0m[0;31m*  [0m] A stop job is running for RabbitMQ Messaging Server (24s / 1min 30s)[K[  [0;31m*[0;1;31m*[0m[0;31m* [0m] A stop job is running for RabbitMQ Messaging Server (25s / 1min 30s)[K[   [0;31m*[0;1;31m*[0m[0;31m*[0m] A stop job is running for RabbitMQ Messaging Server (25s / 1min 30s)[K[    [0;31m*[0;1;31m*[0m] A stop job is running for RabbitMQ Messaging Server (26s / 1min 30s)[K[     [0;31m*[0m] A stop job is running for RabbitMQ Messaging Server (26s / 1min 30s)[K[    [0;31m*[0;1;31m*[0m] A stop job is running for RabbitMQ Messaging Server (27s / 1min 30s)[K[   [0;31m*[0;1;31m*[0m[0;31m*[0m] A stop job is running for RabbitMQ Messaging Server (27s / 1min 30s)[K[  [0;31m*[0;1;31m*[0m[0;31m* [0m] A stop job is running for RabbitMQ Messaging Server (28s / 1min 30s)[K[ [0;31m*[0;1;31m*[0m[0;31m*  [0m] A stop job is running for RabbitMQ Messaging Server (28s / 1min 30s)[K[[0;31m*[0;1;31m*[0m[0;31m*   [0m] A stop job is running for RabbitMQ Messaging Server (29s / 1min 30s)[K[[0;1;31m*[0m[0;31m*    [0m] A stop job is running for RabbitMQ Messaging Server (29s / 1min 30s)[K[[0m[0;31m*     [0m] A stop job is running for RabbitMQ Messaging Server (30s / 1min 30s)[K[[0;1;31m*[0m[0;31m*    [0m] A stop job is running for RabbitMQ Messaging Server (30s / 1min 30s)[K[[0;31m*[0;1;31m*[0m[0;31m*   [0m] A stop job is running for RabbitMQ Messaging Server (31s / 1min 30s)[K[ [0;31m*[0;1;31m*[0m[0;31m*  [0m] A stop job is running for RabbitMQ Messaging Server (31s / 1min 30s)[K[  [0;31m*[0;1;31m*[0m[0;31m* [0m] A stop job is running for RabbitMQ Messaging Server (32s / 1min 30s)[K[   [0;31m*[0;1;31m*[0m[0;31m*[0m] A stop job is running for RabbitMQ Messaging Server (32s / 1min 30s)[K[    [0;31m*[0;1;31m*[0m] A stop job is running for RabbitMQ Messaging Server (33s / 1min 30s)[K[     [0;31m*[0m] A stop job is running for RabbitMQ Messaging Server (33s / 1min 30s)[K[    [0;31m*[0;1;31m*[0m] A stop job is running for RabbitMQ Messaging Server (34s / 1min 30s)[K[   [0;31m*[0;1;31m*[0m[0;31m*[0m] A stop job is running for RabbitMQ Messaging Server (34s / 1min 30s)[K[  [0;31m*[0;1;31m*[0m[0;31m* [0m] A stop job is running for RabbitMQ Messaging Server (35s / 1min 30s)[K[ [0;31m*[0;1;31m*[0m[0;31m*  [0m] A stop job is running for RabbitMQ Messaging Server (35s / 1min 30s)[K[[0;31m*[0;1;31m*[0m[0;31m*   [0m] A stop job is running for RabbitMQ Messaging Server (36s / 1min 30s)[K[[0;1;31m*[0m[0;31m*    [0m] A stop job is running for RabbitMQ Messaging Server (36s / 1min 30s)[K[[0m[0;31m*     [0m] A stop job is running for RabbitMQ Messaging Server (37s / 1min 30s)[K[[0;1;31m*[0m[0;31m*    [0m] A stop job is running for RabbitMQ Messaging Server (37s / 1min 30s)[K[[0;31m*[0;1;31m*[0m[0;31m*   [0m] A stop job is running for RabbitMQ Messaging Server (38s / 1min 30s)[K[ [0;31m*[0;1;31m*[0m[0;31m*  [0m] A stop job is running for RabbitMQ Messaging Server (38s / 1min 30s)[K[  [0;31m*[0;1;31m*[0m[0;31m* [0m] A stop job is running for RabbitMQ Messaging Server (39s / 1min 30s)[K[   [0;31m*[0;1;31m*[0m[0;31m*[0m] A stop job is running for RabbitMQ Messaging Server (39s / 1min 30s)[K[    [0;31m*[0;1;31m*[0m] A stop job is running for RabbitMQ Messaging Server (40s / 1min 30s)[K[     [0;31m*[0m] A stop job is running for RabbitMQ Messaging Server (40s / 1min 30s)[K[    [0;31m*[0;1;31m*[0m] A stop job is running for RabbitMQ Messaging Server (41s / 1min 30s)[K[   [0;31m*[0;1;31m*[0m[0;31m*[0m] A stop job is running for RabbitMQ Messaging Server (41s / 1min 30s)[K[  [0;31m*[0;1;31m*[0m[0;31m* [0m] A stop job is running for RabbitMQ Messaging Server (42s / 1min 30s)[K[ [0;31m*[0;1;31m*[0m[0;31m*  [0m] A stop job is running for RabbitMQ Messaging Server (42s / 1min 30s)[K[[0;31m*[0;1;31m*[0m[0;31m*   [0m] A stop job is running for RabbitMQ Messaging Server (43s / 1min 30s)[K[[0;1;31m*[0m[0;31m*    [0m] A stop job is running for RabbitMQ Messaging Server (43s / 1min 30s)[K[[0m[0;31m*     [0m] A stop job is running for RabbitMQ Messaging Server (44s / 1min 30s)[K[[0;1;31m*[0m[0;31m*    [0m] A stop job is running for RabbitMQ Messaging Server (44s / 1min 30s)[K[[0;31m*[0;1;31m*[0m[0;31m*   [0m] A stop job is running for RabbitMQ Messaging Server (45s / 1min 30s)[K[ [0;31m*[0;1;31m*[0m[0;31m*  [0m] A stop job is running for RabbitMQ Messaging Server (45s / 1min 30s)[K[  [0;31m*[0;1;31m*[0m[0;31m* [0m] A stop job is running for RabbitMQ Messaging Server (46s / 1min 30s)[K[   [0;31m*[0;1;31m*[0m[0;31m*[0m] A stop job is running for RabbitMQ Messaging Server (46s / 1min 30s)[K[    [0;31m*[0;1;31m*[0m] A stop job is running for RabbitMQ Messaging Server (47s / 1min 30s)[K[     [0;31m*[0m] A stop job is running for RabbitMQ Messaging Server (47s / 1min 30s)[K[    [0;31m*[0;1;31m*[0m] A stop job is running for RabbitMQ Messaging Server (48s / 1min 30s)[K[   [0;31m*[0;1;31m*[0m[0;31m*[0m] A stop job is running for RabbitMQ Messaging Server (48s / 1min 30s)[K[  [0;31m*[0;1;31m*[0m[0;31m* [0m] A stop job is running for RabbitMQ Messaging Server (49s / 1min 30s)[K[ [0;31m*[0;1;31m*[0m[0;31m*  [0m] A stop job is running for RabbitMQ Messaging Server (49s / 1min 30s)[K[[0;31m*[0;1;31m*[0m[0;31m*   [0m] A stop job is running for RabbitMQ Messaging Server (50s / 1min 30s)[K[[0;1;31m*[0m[0;31m*    [0m] A stop job is running for RabbitMQ Messaging Server (50s / 1min 30s)[K[[0m[0;31m*     [0m] A stop job is running for RabbitMQ Messaging Server (51s / 1min 30s)[K[[0;1;31m*[0m[0;31m*    [0m] A stop job is running for RabbitMQ Messaging Server (51s / 1min 30s)[K[[0;31m*[0;1;31m*[0m[0;31m*   [0m] A stop job is running for RabbitMQ Messaging Server (52s / 1min 30s)[K[ [0;31m*[0;1;31m*[0m[0;31m*  [0m] A stop job is running for RabbitMQ Messaging Server (52s / 1min 30s)[K[  [0;31m*[0;1;31m*[0m[0;31m* [0m] A stop job is running for RabbitMQ Messaging Server (53s / 1min 30s)[K[   [0;31m*[0;1;31m*[0m[0;31m*[0m] A stop job is running for RabbitMQ Messaging Server (53s / 1min 30s)[K[    [0;31m*[0;1;31m*[0m] A stop job is running for RabbitMQ Messaging Server (54s / 1min 30s)[K[     [0;31m*[0m] A stop job is running for RabbitMQ Messaging Server (54s / 1min 30s)[K[    [0;31m*[0;1;31m*[0m] A stop job is running for RabbitMQ Messaging Server (55s / 1min 30s)[K[   [0;31m*[0;1;31m*[0m[0;31m*[0m] A stop job is running for RabbitMQ Messaging Server (55s / 1min 30s)[K[  [0;31m*[0;1;31m*[0m[0;31m* [0m] A stop job is running for RabbitMQ Messaging Server (56s / 1min 30s)[K[ [0;31m*[0;1;31m*[0m[0;31m*  [0m] A stop job is running for RabbitMQ Messaging Server (56s / 1min 30s)[K[[0;31m*[0;1;31m*[0m[0;31m*   [0m] A stop job is running for RabbitMQ Messaging Server (57s / 1min 30s)[K[[0;1;31m*[0m[0;31m*    [0m] A stop job is running for RabbitMQ Messaging Server (57s / 1min 30s)[K[[0m[0;31m*     [0m] A stop job is running for RabbitMQ Messaging Server (58s / 1min 30s)[K[[0;1;31m*[0m[0;31m*    [0m] A stop job is running for RabbitMQ Messaging Server (58s / 1min 30s)[K[[0;31m*[0;1;31m*[0m[0;31m*   [0m] A stop job is running for RabbitMQ Messaging Server (59s / 1min 30s)[K[ [0;31m*[0;1;31m*[0m[0;31m*  [0m] A stop job is running for RabbitMQ Messaging Server (59s / 1min 30s)[K[  [0;31m*[0;1;31m*[0m[0;31m* [0m] A stop job is running for RabbitMQ Messaging Server (1min / 1min 30s)